Collecting dask
  Downloading dask-2023.1.0-py3-none-any.whl (1.1 MB)
     ━━━━━━━━━━━━━━━━━━━━━━━━━━━━━━━━━━━━━━━━ 1.1/1.1 MB 9.4 MB/s eta 0:00:00
Collecting partd>=0.3.10
  Downloading partd-1.3.0-py3-none-any.whl (18 kB)
Collecting cloudpickle>=1.1.1
  Downloading cloudpickle-2.2.1-py3-none-any.whl (25 kB)
Requirement already satisfied: packaging>=20.0 in /opt/hostedtoolcache/Python/3.8.16/x64/lib/python3.8/site-packages (from dask) (23.0)
Collecting fsspec>=0.6.0
  Downloading fsspec-2023.1.0-py3-none-any.whl (143 kB)
     ━━━━━━━━━━━━━━━━━━━━━━━━━━━━━━━━━━━━━━ 143.0/143.0 kB 14.4 MB/s eta 0:00:00
Collecting pyyaml>=5.3.1
  Downloading PyYAML-6.0-cp38-cp38-manylinux_2_5_x86_64.manylinux1_x86_64.manylinux_2_12_x86_64.manylinux2010_x86_64.whl (701 kB)
     ━━━━━━━━━━━━━━━━━━━━━━━━━━━━━━━━━━━━━━ 701.2/701.2 kB 18.9 MB/s eta 0:00:00
Collecting toolz>=0.8.2
  Downloading toolz-0.12.0-py3-none-any.whl (55 kB)
     ━━━━━━━━━━━━━━━━━━━━━━━━━━━━━━━━━━━━━━━━ 55.8/55.8 kB 19.9 MB/s eta 0:00:00
Collecting click>=7.0
  Downloading click-8.1.3-py3-none-any.whl (96 kB)
     ━━━━━━━━━━━━━━━━━━━━━━━━━━━━━━━━━━━━━━━━ 96.6/96.6 kB 24.5 MB/s eta 0:00:00
Collecting locket
  Downloading locket-1.0.0-py2.py3-none-any.whl (4.4 kB)
Installing collected packages: toolz, pyyaml, locket, fsspec, cloudpickle, click, partd, dask
Successfully installed click-8.1.3 cloudpickle-2.2.1 dask-2023.1.0 fsspec-2023.1.0 locket-1.0.0 partd-1.3.0 pyyaml-6.0 toolz-0.12.0
Try installing dask using pip? [Y/n]: 